This is pdfTeX, Version 3.141592653-2.6-1.40.24 (MiKTeX 22.3) (preloaded format=pdflatex 2022.7.3)  4 JUL 2022 01:02
entering extended mode
 restricted \write18 enabled.
 file:line:error style messages enabled.
 %&-line parsing enabled.
**c:/Users/ADGSENPAI/Code/DigitalTwinThesisPaper/DigitalTwin.tex
(c:/Users/ADGSENPAI/Code/DigitalTwinThesisPaper/DigitalTwin.tex
LaTeX2e <2022-06-01> pre-release-0 (develop 2022-7-3 branch)
L3 programming layer <2022-06-02> (C:\Program Files\MiKTeX\tex/latex/base\report.cls
Document Class: report 2021/10/04 v1.4n Standard LaTeX document class
(C:\Program Files\MiKTeX\tex/latex/base\size12.clo
File: size12.clo 2021/10/04 v1.4n Standard LaTeX file (size option)
)
\c@part=\count185
\c@chapter=\count186
\c@section=\count187
\c@subsection=\count188
\c@subsubsection=\count189
\c@paragraph=\count190
\c@subparagraph=\count191
\c@figure=\count192
\c@table=\count193
\abovecaptionskip=\skip47
\belowcaptionskip=\skip48
\bibindent=\dimen138
) (C:\Program Files\MiKTeX\tex/latex/base\inputenc.sty
Package: inputenc 2021/02/14 v1.3d Input encoding file
\inpenc@prehook=\toks16
\inpenc@posthook=\toks17
) (C:\Program Files\MiKTeX\tex/latex/graphics\graphicx.sty
Package: graphicx 2021/09/16 v1.2d Enhanced LaTeX Graphics (DPC,SPQR)
 (C:\Program Files\MiKTeX\tex/latex/graphics\keyval.sty
Package: keyval 2022/05/29 v1.15 key=value parser (DPC)
\KV@toks@=\toks18
) (C:\Program Files\MiKTeX\tex/latex/graphics\graphics.sty
Package: graphics 2022/03/10 v1.4e Standard LaTeX Graphics (DPC,SPQR)
 (C:\Program Files\MiKTeX\tex/latex/graphics\trig.sty
Package: trig 2021/08/11 v1.11 sin cos tan (DPC)
) (C:\Program Files\MiKTeX\tex/latex/graphics-cfg\graphics.cfg
File: graphics.cfg 2016/06/04 v1.11 sample graphics configuration
)
Package graphics Info: Driver file: pdftex.def on input line 107.
 (C:\Program Files\MiKTeX\tex/latex/graphics-def\pdftex.def
File: pdftex.def 2020/10/05 v1.2a Graphics/color driver for pdftex
))
\Gin@req@height=\dimen139
\Gin@req@width=\dimen140
) (C:\Users\ADGSENPAI\AppData\Roaming\MiKTeX\tex/latex/float\float.sty
Package: float 2001/11/08 v1.3d Float enhancements (AL)
\c@float@type=\count194
\float@exts=\toks19
\float@box=\box51
\@float@everytoks=\toks20
\@floatcapt=\box52
) (C:\Program Files\MiKTeX\tex/latex/hyperref\hyperref.sty
Package: hyperref 2022-05-17 v7.00q Hypertext links for LaTeX
 (C:\Users\ADGSENPAI\AppData\Roaming\MiKTeX\tex/generic/ltxcmds\ltxcmds.sty
Package: ltxcmds 2020-05-10 v1.25 LaTeX kernel commands for general use (HO)
) (C:\Program Files\MiKTeX\tex/generic/iftex\iftex.sty
Package: iftex 2022/02/03 v1.0f TeX engine tests
) (C:\Program Files\MiKTeX\tex/generic/pdftexcmds\pdftexcmds.sty
Package: pdftexcmds 2020-06-27 v0.33 Utility functions of pdfTeX for LuaTeX (HO)
 (C:\Users\ADGSENPAI\AppData\Roaming\MiKTeX\tex/generic/infwarerr\infwarerr.sty
Package: infwarerr 2019/12/03 v1.5 Providing info/warning/error messages (HO)
)
Package pdftexcmds Info: \pdf@primitive is available.
Package pdftexcmds Info: \pdf@ifprimitive is available.
Package pdftexcmds Info: \pdfdraftmode found.
) (C:\Users\ADGSENPAI\AppData\Roaming\MiKTeX\tex/generic/kvsetkeys\kvsetkeys.sty
Package: kvsetkeys 2019/12/15 v1.18 Key value parser (HO)
) (C:\Users\ADGSENPAI\AppData\Roaming\MiKTeX\tex/generic/kvdefinekeys\kvdefinekeys.sty
Package: kvdefinekeys 2019-12-19 v1.6 Define keys (HO)
) (C:\Users\ADGSENPAI\AppData\Roaming\MiKTeX\tex/generic/pdfescape\pdfescape.sty
Package: pdfescape 2019/12/09 v1.15 Implements pdfTeX's escape features (HO)
) (C:\Users\ADGSENPAI\AppData\Roaming\MiKTeX\tex/latex/hycolor\hycolor.sty
Package: hycolor 2020-01-27 v1.10 Color options for hyperref/bookmark (HO)
) (C:\Users\ADGSENPAI\AppData\Roaming\MiKTeX\tex/latex/letltxmacro\letltxmacro.sty
Package: letltxmacro 2019/12/03 v1.6 Let assignment for LaTeX macros (HO)
) (C:\Users\ADGSENPAI\AppData\Roaming\MiKTeX\tex/latex/auxhook\auxhook.sty
Package: auxhook 2019-12-17 v1.6 Hooks for auxiliary files (HO)
) (C:\Program Files\MiKTeX\tex/latex/hyperref\nameref.sty
Package: nameref 2022-05-17 v2.50 Cross-referencing by name of section
 (C:\Users\ADGSENPAI\AppData\Roaming\MiKTeX\tex/latex/refcount\refcount.sty
Package: refcount 2019/12/15 v3.6 Data extraction from label references (HO)
) (C:\Users\ADGSENPAI\AppData\Roaming\MiKTeX\tex/generic/gettitlestring\gettitlestring.sty
Package: gettitlestring 2019/12/15 v1.6 Cleanup title references (HO)
 (C:\Users\ADGSENPAI\AppData\Roaming\MiKTeX\tex/latex/kvoptions\kvoptions.sty
Package: kvoptions 2022-06-15 v3.15 Key value format for package options (HO)
))
\c@section@level=\count195
)
\@linkdim=\dimen141
\Hy@linkcounter=\count196
\Hy@pagecounter=\count197
 (C:\Program Files\MiKTeX\tex/latex/hyperref\pd1enc.def
File: pd1enc.def 2022-05-17 v7.00q Hyperref: PDFDocEncoding definition (HO)
Now handling font encoding PD1 ...
... no UTF-8 mapping file for font encoding PD1
) (C:\Users\ADGSENPAI\AppData\Roaming\MiKTeX\tex/generic/intcalc\intcalc.sty
Package: intcalc 2019/12/15 v1.3 Expandable calculations with integers (HO)
) (C:\Users\ADGSENPAI\AppData\Roaming\MiKTeX\tex/generic/etexcmds\etexcmds.sty
Package: etexcmds 2019/12/15 v1.7 Avoid name clashes with e-TeX commands (HO)
)
\Hy@SavedSpaceFactor=\count198
 (C:\Program Files\MiKTeX\tex/latex/hyperref\puenc.def
File: puenc.def 2022-05-17 v7.00q Hyperref: PDF Unicode definition (HO)
Now handling font encoding PU ...
... no UTF-8 mapping file for font encoding PU
)
Package hyperref Info: Hyper figures OFF on input line 4139.
Package hyperref Info: Link nesting OFF on input line 4144.
Package hyperref Info: Hyper index ON on input line 4147.
Package hyperref Info: Plain pages OFF on input line 4154.
Package hyperref Info: Backreferencing OFF on input line 4159.
Package hyperref Info: Implicit mode ON; LaTeX internals redefined.
Package hyperref Info: Bookmarks ON on input line 4385.
\c@Hy@tempcnt=\count199
 (C:\Program Files\MiKTeX\tex/latex/url\url.sty
\Urlmuskip=\muskip16
Package: url 2013/09/16  ver 3.4  Verb mode for urls, etc.
)
LaTeX Info: Redefining \url on input line 4723.
\XeTeXLinkMargin=\dimen142
 (C:\Users\ADGSENPAI\AppData\Roaming\MiKTeX\tex/generic/bitset\bitset.sty
Package: bitset 2019/12/09 v1.3 Handle bit-vector datatype (HO)
 (C:\Users\ADGSENPAI\AppData\Roaming\MiKTeX\tex/generic/bigintcalc\bigintcalc.sty
Package: bigintcalc 2019/12/15 v1.5 Expandable calculations on big integers (HO)
))
\Fld@menulength=\count266
\Field@Width=\dimen143
\Fld@charsize=\dimen144
Package hyperref Info: Hyper figures OFF on input line 6001.
Package hyperref Info: Link nesting OFF on input line 6006.
Package hyperref Info: Hyper index ON on input line 6009.
Package hyperref Info: backreferencing OFF on input line 6016.
Package hyperref Info: Link coloring OFF on input line 6021.
Package hyperref Info: Link coloring with OCG OFF on input line 6026.
Package hyperref Info: PDF/A mode OFF on input line 6031.
 (C:\Program Files\MiKTeX\tex/latex/base\atbegshi-ltx.sty
Package: atbegshi-ltx 2021/01/10 v1.0c Emulation of the original atbegshi
package with kernel methods
)
\Hy@abspage=\count267
\c@Item=\count268
\c@Hfootnote=\count269
)
Package hyperref Info: Driver (autodetected): hpdftex.
 (C:\Program Files\MiKTeX\tex/latex/hyperref\hpdftex.def
File: hpdftex.def 2022-05-17 v7.00q Hyperref driver for pdfTeX
 (C:\Program Files\MiKTeX\tex/latex/base\atveryend-ltx.sty
Package: atveryend-ltx 2020/08/19 v1.0a Emulation of the original atveryend package
with kernel methods
)
\Fld@listcount=\count270
\c@bookmark@seq@number=\count271
 (C:\Users\ADGSENPAI\AppData\Roaming\MiKTeX\tex/latex/rerunfilecheck\rerunfilecheck.sty
Package: rerunfilecheck 2019/12/05 v1.9 Rerun checks for auxiliary files (HO)
 (C:\Users\ADGSENPAI\AppData\Roaming\MiKTeX\tex/generic/uniquecounter\uniquecounter.sty
Package: uniquecounter 2019/12/15 v1.4 Provide unlimited unique counter (HO)
)
Package uniquecounter Info: New unique counter `rerunfilecheck' on input line 286.
)
\Hy@SectionHShift=\skip49
) (C:\Program Files\MiKTeX\tex/latex/amsmath\amsmath.sty
Package: amsmath 2022/04/08 v2.17n AMS math features
\@mathmargin=\skip50

For additional information on amsmath, use the `?' option.
(C:\Program Files\MiKTeX\tex/latex/amsmath\amstext.sty
Package: amstext 2021/08/26 v2.01 AMS text
 (C:\Program Files\MiKTeX\tex/latex/amsmath\amsgen.sty
File: amsgen.sty 1999/11/30 v2.0 generic functions
\@emptytoks=\toks21
\ex@=\dimen145
)) (C:\Program Files\MiKTeX\tex/latex/amsmath\amsbsy.sty
Package: amsbsy 1999/11/29 v1.2d Bold Symbols
\pmbraise@=\dimen146
) (C:\Program Files\MiKTeX\tex/latex/amsmath\amsopn.sty
Package: amsopn 2022/04/08 v2.04 operator names
)
\inf@bad=\count272
LaTeX Info: Redefining \frac on input line 234.
\uproot@=\count273
\leftroot@=\count274
LaTeX Info: Redefining \overline on input line 399.
LaTeX Info: Redefining \colon on input line 410.
\classnum@=\count275
\DOTSCASE@=\count276
LaTeX Info: Redefining \ldots on input line 496.
LaTeX Info: Redefining \dots on input line 499.
LaTeX Info: Redefining \cdots on input line 620.
\Mathstrutbox@=\box53
\strutbox@=\box54
LaTeX Info: Redefining \big on input line 722.
LaTeX Info: Redefining \Big on input line 723.
LaTeX Info: Redefining \bigg on input line 724.
LaTeX Info: Redefining \Bigg on input line 725.
\big@size=\dimen147
LaTeX Font Info:    Redeclaring font encoding OML on input line 743.
LaTeX Font Info:    Redeclaring font encoding OMS on input line 744.
\macc@depth=\count277
LaTeX Info: Redefining \bmod on input line 905.
LaTeX Info: Redefining \pmod on input line 910.
LaTeX Info: Redefining \smash on input line 940.
LaTeX Info: Redefining \relbar on input line 970.
LaTeX Info: Redefining \Relbar on input line 971.
\c@MaxMatrixCols=\count278
\dotsspace@=\muskip17
\c@parentequation=\count279
\dspbrk@lvl=\count280
\tag@help=\toks22
\row@=\count281
\column@=\count282
\maxfields@=\count283
\andhelp@=\toks23
\eqnshift@=\dimen148
\alignsep@=\dimen149
\tagshift@=\dimen150
\tagwidth@=\dimen151
\totwidth@=\dimen152
\lineht@=\dimen153
\@envbody=\toks24
\multlinegap=\skip51
\multlinetaggap=\skip52
\mathdisplay@stack=\toks25
LaTeX Info: Redefining \[ on input line 2953.
LaTeX Info: Redefining \] on input line 2954.
) (C:\Program Files\MiKTeX\tex/latex/l3packages/xparse\xparse.sty (C:\Program Files\MiKTeX\tex/latex/l3kernel\expl3.sty
Package: expl3 2022-06-02 L3 programming layer (loader) 
 (C:\Program Files\MiKTeX\tex/latex/l3backend\l3backend-pdftex.def
File: l3backend-pdftex.def 2022-04-20 L3 backend support: PDF output (pdfTeX)
\l__color_backend_stack_int=\count284
\l__pdf_internal_box=\box55
))
Package: xparse 2022-06-07 L3 Experimental document command parser
) (DigitalTwin.aux)
\openout1 = `DigitalTwin.aux'.

LaTeX Font Info:    Checking defaults for OML/cmm/m/it on input line 14.
LaTeX Font Info:    ... okay on input line 14.
LaTeX Font Info:    Checking defaults for OMS/cmsy/m/n on input line 14.
LaTeX Font Info:    ... okay on input line 14.
LaTeX Font Info:    Checking defaults for OT1/cmr/m/n on input line 14.
LaTeX Font Info:    ... okay on input line 14.
LaTeX Font Info:    Checking defaults for T1/cmr/m/n on input line 14.
LaTeX Font Info:    ... okay on input line 14.
LaTeX Font Info:    Checking defaults for TS1/cmr/m/n on input line 14.
LaTeX Font Info:    ... okay on input line 14.
LaTeX Font Info:    Checking defaults for OMX/cmex/m/n on input line 14.
LaTeX Font Info:    ... okay on input line 14.
LaTeX Font Info:    Checking defaults for U/cmr/m/n on input line 14.
LaTeX Font Info:    ... okay on input line 14.
LaTeX Font Info:    Checking defaults for PD1/pdf/m/n on input line 14.
LaTeX Font Info:    ... okay on input line 14.
LaTeX Font Info:    Checking defaults for PU/pdf/m/n on input line 14.
LaTeX Font Info:    ... okay on input line 14.
 (C:\Program Files\MiKTeX\tex/context/base/mkii\supp-pdf.mkii
[Loading MPS to PDF converter (version 2006.09.02).]
\scratchcounter=\count285
\scratchdimen=\dimen154
\scratchbox=\box56
\nofMPsegments=\count286
\nofMParguments=\count287
\everyMPshowfont=\toks26
\MPscratchCnt=\count288
\MPscratchDim=\dimen155
\MPnumerator=\count289
\makeMPintoPDFobject=\count290
\everyMPtoPDFconversion=\toks27
) (C:\Program Files\MiKTeX\tex/latex/epstopdf-pkg\epstopdf-base.sty
Package: epstopdf-base 2020-01-24 v2.11 Base part for package epstopdf
Package epstopdf-base Info: Redefining graphics rule for `.eps' on input line 485.
 (C:\Program Files\MiKTeX\tex/latex/00miktex\epstopdf-sys.cfg
File: epstopdf-sys.cfg 2021/03/18 v2.0 Configuration of epstopdf for MiKTeX
))
Package hyperref Info: Link coloring OFF on input line 14.
 (DigitalTwin.out) (DigitalTwin.out)
\@outlinefile=\write3
\openout3 = `DigitalTwin.out'.

 [1

{C:/Users/ADGSENPAI/AppData/Local/MiKTeX/fonts/map/pdftex/pdftex.map}] (chapters/abstract.tex) [1

] (DigitalTwin.toc)
\tf@toc=\write4
\openout4 = `DigitalTwin.toc'.

 [2

]
Chapter 1.
(chapters/introduction.tex [3

]
<images/DigitalTwinSystem.png, id=109, 453.33pt x 234.8775pt>
File: images/DigitalTwinSystem.png Graphic file (type png)
<use images/DigitalTwinSystem.png>
Package pdftex.def Info: images/DigitalTwinSystem.png  used on input line 8.
(pdftex.def)             Requested size: 390.0pt x 202.06955pt.


Package hyperref Warning: Difference (2) between bookmark levels is greater 
(hyperref)                than one, level fixed on input line 13.

[4 <./images/DigitalTwinSystem.png>]) [5]
Chapter 2.
(chapters/methodology.tex [6

]
Underfull \hbox (badness 10000) in paragraph at lines 11--12

 []

<images/covid19dashboard.png, id=127, 316.674pt x 196.443pt>
File: images/covid19dashboard.png Graphic file (type png)
<use images/covid19dashboard.png>
Package pdftex.def Info: images/covid19dashboard.png  used on input line 18.
(pdftex.def)             Requested size: 390.0pt x 241.94116pt.
<images/stonkapppt1.png, id=128, 637.63219pt x 684.30656pt>
File: images/stonkapppt1.png Graphic file (type png)
<use images/stonkapppt1.png>
Package pdftex.def Info: images/stonkapppt1.png  used on input line 24.
(pdftex.def)             Requested size: 390.0pt x 418.54366pt.

Underfull \hbox (badness 10000) in paragraph at lines 32--34

 []

[7 <./images/covid19dashboard.png>] [8 <./images/stonkapppt1.png>]
Underfull \hbox (badness 10000) in paragraph at lines 40--41

 []


Underfull \hbox (badness 10000) in paragraph at lines 42--43

 []


LaTeX Warning: Command \textellipsis invalid in math mode on input line 50.


LaTeX Warning: Command \textellipsis invalid in math mode on input line 50.


Underfull \hbox (badness 10000) in paragraph at lines 64--65

 []


LaTeX Warning: Command \textellipsis invalid in math mode on input line 67.


Underfull \hbox (badness 10000) in paragraph at lines 79--80

 []

[9]

LaTeX Warning: Command \textellipsis invalid in math mode on input line 88.


LaTeX Warning: Command \textellipsis invalid in math mode on input line 88.

<images/adgmlclassrepo.png, id=152, 589.4522pt x 326.72063pt>
File: images/adgmlclassrepo.png Graphic file (type png)
<use images/adgmlclassrepo.png>
Package pdftex.def Info: images/adgmlclassrepo.png  used on input line 107.
(pdftex.def)             Requested size: 390.0pt x 216.16971pt.
[10 <./images/adgmlclassrepo.png>]
Overfull \hbox (29.72758pt too wide) in paragraph at lines 120--121
\OT1/cmr/m/n/12 Machine learn-ing is im-por-tant be-cause it al-lows busi-nesses to see trends/predictions
 []

[11] [12]
<images/deeplearningdiagram.png, id=178, 551.81157pt x 304.88907pt>
File: images/deeplearningdiagram.png Graphic file (type png)
<use images/deeplearningdiagram.png>
Package pdftex.def Info: images/deeplearningdiagram.png  used on input line 179.
(pdftex.def)             Requested size: 390.0pt x 215.49113pt.
 [13]
Underfull \hbox (badness 10000) in paragraph at lines 194--195

 []

<images/linearregeg.png, id=183, 401.24907pt x 362.85562pt>
File: images/linearregeg.png Graphic file (type png)
<use images/linearregeg.png>
Package pdftex.def Info: images/linearregeg.png  used on input line 197.
(pdftex.def)             Requested size: 390.0pt x 352.70592pt.
[14 <./images/deeplearningdiagram.png>]
Underfull \hbox (badness 10000) in paragraph at lines 216--217

 []

[15 <./images/linearregeg.png>]
Underfull \hbox (badness 10000) in paragraph at lines 218--220

 []


Underfull \hbox (badness 10000) in paragraph at lines 228--230

 []


Underfull \hbox (badness 10000) in paragraph at lines 237--238

 []

<images/simplereg.png, id=200, 405.76593pt x 237.13594pt>
File: images/simplereg.png Graphic file (type png)
<use images/simplereg.png>
Package pdftex.def Info: images/simplereg.png  used on input line 241.
(pdftex.def)             Requested size: 390.0pt x 227.93013pt.
[16]
Underfull \hbox (badness 10000) in paragraph at lines 251--252

 []

<images/mlrgraph.jpg, id=207, 250.6455pt x 140.9265pt>
File: images/mlrgraph.jpg Graphic file (type jpg)
<use images/mlrgraph.jpg>
Package pdftex.def Info: images/mlrgraph.jpg  used on input line 255.
(pdftex.def)             Requested size: 390.0pt x 219.2961pt.
[17 <./images/simplereg.png>]
Underfull \hbox (badness 10000) in paragraph at lines 268--269

 []

<images/plr.png, id=215, 462.528pt x 346.896pt>
File: images/plr.png Graphic file (type png)
<use images/plr.png>
Package pdftex.def Info: images/plr.png  used on input line 271.
(pdftex.def)             Requested size: 390.0pt x 292.5128pt.
[18 <./images/mlrgraph.jpg>]
<images/knnexp.png, id=223, 451.6875pt x 225.84375pt>
File: images/knnexp.png Graphic file (type png)
<use images/knnexp.png>
Package pdftex.def Info: images/knnexp.png  used on input line 282.
(pdftex.def)             Requested size: 390.0pt x 195.01099pt.
 [19 <./images/plr.png>]
Underfull \hbox (badness 10000) in paragraph at lines 287--288

 []


Underfull \hbox (badness 10000) in paragraph at lines 289--290

 []

<images/knnexp2.png, id=231, 376.40625pt x 301.125pt>
File: images/knnexp2.png Graphic file (type png)
<use images/knnexp2.png>
Package pdftex.def Info: images/knnexp2.png  used on input line 301.
(pdftex.def)             Requested size: 390.0pt x 312.02309pt.
[20 <./images/knnexp.png>]
<images/knnexp3.png, id=243, 376.40625pt x 301.125pt>
File: images/knnexp3.png Graphic file (type png)
<use images/knnexp3.png>
Package pdftex.def Info: images/knnexp3.png  used on input line 315.
(pdftex.def)             Requested size: 390.0pt x 312.02309pt.
 [21 <./images/knnexp2.png>]
<images/knnexp4.png, id=252, 376.40625pt x 301.125pt>
File: images/knnexp4.png Graphic file (type png)
<use images/knnexp4.png>
Package pdftex.def Info: images/knnexp4.png  used on input line 322.
(pdftex.def)             Requested size: 390.0pt x 312.02309pt.
 [22 <./images/knnexp3.png>]
Underfull \hbox (badness 10000) in paragraph at lines 327--328

 []


Underfull \hbox (badness 10000) in paragraph at lines 329--330

 []


Underfull \hbox (badness 10000) in paragraph at lines 336--337

 []

[23 <./images/knnexp4.png>]
Underfull \hbox (badness 10000) in paragraph at lines 342--343

 []

<images/performance.png, id=265, 713.66624pt x 615.0478pt>
File: images/performance.png Graphic file (type png)
<use images/performance.png>
Package pdftex.def Info: images/performance.png  used on input line 366.
(pdftex.def)             Requested size: 390.0pt x 336.10944pt.
[24]
Overfull \hbox (4.8pt too wide) in paragraph at lines 375--376
[][]$\OT1/cmtt/m/n/12 https : / / scikit-[]learn . org / stable / modules / model _ evaluation . html$[] 
 []

<images/performancemetrics.png, id=275, 489.32813pt x 228.855pt>
File: images/performancemetrics.png Graphic file (type png)
<use images/performancemetrics.png>
Package pdftex.def Info: images/performancemetrics.png  used on input line 382.
(pdftex.def)             Requested size: 390.0pt x 182.40329pt.
[25 <./images/performance.png>]
Underfull \hbox (badness 10000) in paragraph at lines 387--390

 []


Underfull \hbox (badness 10000) in paragraph at lines 401--402

 []


Underfull \hbox (badness 10000) in paragraph at lines 403--409

 []

[26 <./images/performancemetrics.png>]
Underfull \hbox (badness 10000) in paragraph at lines 424--425

 []

<images/confusionmatrix.jpg, id=292, 502.12593pt x 426.09187pt>
File: images/confusionmatrix.jpg Graphic file (type jpg)
<use images/confusionmatrix.jpg>
Package pdftex.def Info: images/confusionmatrix.jpg  used on input line 428.
(pdftex.def)             Requested size: 390.0pt x 330.95897pt.
<images/confusionmatrixpt2.png, id=293, 418.56375pt x 450.18187pt>
File: images/confusionmatrixpt2.png Graphic file (type png)
<use images/confusionmatrixpt2.png>
Package pdftex.def Info: images/confusionmatrixpt2.png  used on input line 435.
(pdftex.def)             Requested size: 390.0pt x 419.45477pt.
[27 <./images/confusionmatrix.jpg>] [28 <./images/confusionmatrixpt2.png>]
<images/galaxymlrepo.png, id=306, 641.39626pt x 275.52937pt>
File: images/galaxymlrepo.png Graphic file (type png)
<use images/galaxymlrepo.png>
Package pdftex.def Info: images/galaxymlrepo.png  used on input line 447.
(pdftex.def)             Requested size: 390.0pt x 167.53873pt.
<images/neuralnetworksrepo.png, id=308, 629.35126pt x 576.65437pt>
File: images/neuralnetworksrepo.png Graphic file (type png)
<use images/neuralnetworksrepo.png>
Package pdftex.def Info: images/neuralnetworksrepo.png  used on input line 458.
(pdftex.def)             Requested size: 390.0pt x 357.34602pt.
 [29 <./images/galaxymlrepo.png>]
Underfull \hbox (badness 10000) in paragraph at lines 468--470

 []

<images/hannahgrace.png, id=317, 622.57594pt x 600.74437pt>
File: images/hannahgrace.png Graphic file (type png)
<use images/hannahgrace.png>
Package pdftex.def Info: images/hannahgrace.png  used on input line 472.
(pdftex.def)             Requested size: 390.0pt x 376.32597pt.
[30 <./images/neuralnetworksrepo.png>]) [31 <./images/hannahgrace.png>] (DigitalTwin.aux)
Package rerunfilecheck Info: File `DigitalTwin.out' has not changed.
(rerunfilecheck)             Checksum: 77DE3B05FEEE0950F24C4FDBFF741775;3872.
 ) 
Here is how much of TeX's memory you used:
 9316 strings out of 478354
 148816 string characters out of 2846922
 445828 words of memory out of 3000000
 27480 multiletter control sequences out of 15000+600000
 476964 words of font info for 55 fonts, out of 8000000 for 9000
 1141 hyphenation exceptions out of 8191
 72i,7n,77p,1118b,519s stack positions out of 10000i,1000n,20000p,200000b,80000s
 <C:\Users\ADGSENPAI\AppData\Local\MiKTeX\fonts/pk/ljfour/jknappen/ec/dpi600\tcrm1200.pk><C:/Program Files/MiKTeX/fonts/type1/public/amsfonts/cm/cmbx12.pfb><C:/Program Files/MiKTeX/fonts/type1/public/amsfonts/cm/cmex10.pfb><C:/Program Files/MiKTeX/fonts/type1/public/amsfonts/cm/cmmi12.pfb><C:/Program Files/MiKTeX/fonts/type1/public/amsfonts/cm/cmmi8.pfb><C:/Program Files/MiKTeX/fonts/type1/public/amsfonts/cm/cmr10.pfb><C:/Program Files/MiKTeX/fonts/type1/public/amsfonts/cm/cmr12.pfb><C:/Program Files/MiKTeX/fonts/type1/public/amsfonts/cm/cmr17.pfb><C:/Program Files/MiKTeX/fonts/type1/public/amsfonts/cm/cmr8.pfb><C:/Program Files/MiKTeX/fonts/type1/public/amsfonts/cm/cmsy10.pfb><C:/Program Files/MiKTeX/fonts/type1/public/amsfonts/cm/cmtt12.pfb>
Output written on DigitalTwin.pdf (32 pages, 971921 bytes).
PDF statistics:
 406 PDF objects out of 1000 (max. 8388607)
 110 named destinations out of 1000 (max. 500000)
 229 words of extra memory for PDF output out of 10000 (max. 10000000)

